<?xml version="1.0" encoding="UTF-8"?>
<!-- Generated by org.testng.reporters.JUnitReportReporter -->
<testsuite skipped="0" hostname="DESKTOP-L3RI81U" name="scripts.SignUPpopup" tests="1" failures="0" timestamp="16 Mar 2018 06:39:19 GMT" time="17.183" errors="0">
  <testcase name="SignUp" time="17.183" classname="scripts.SignUPpopup"/>
</testsuite> <!-- scripts.SignUPpopup -->
