<?xml version="1.0" encoding="UTF-8"?>
<!-- Generated by org.testng.reporters.JUnitReportReporter -->
<testsuite skipped="0" hostname="DESKTOP-L3RI81U" name="scripts.ForgotPasswordTest" tests="1" failures="0" timestamp="16 Mar 2018 13:36:41 GMT" time="34.610" errors="0">
  <testcase name="ForgotPassword" time="34.610" classname="scripts.ForgotPasswordTest"/>
</testsuite> <!-- scripts.ForgotPasswordTest -->
