<?xml version="1.0" encoding="UTF-8"?>
<!-- Generated by org.testng.reporters.JUnitReportReporter -->
<testsuite skipped="0" hostname="DESKTOP-L3RI81U" name="scripts.TestlinkPage" tests="1" failures="0" timestamp="10 Feb 2018 08:31:03 GMT" time="55.866" errors="0">
  <testcase name="TestPage" time="55.866" classname="scripts.TestlinkPage"/>
</testsuite> <!-- scripts.TestlinkPage -->
