<?xml version="1.0" encoding="UTF-8"?>
<!-- Generated by org.testng.reporters.JUnitReportReporter -->
<testsuite skipped="0" hostname="DESKTOP-L3RI81U" name="scripts.ForgotPasswordTest" tests="1" failures="0" timestamp="10 Feb 2018 15:13:38 GMT" time="36.015" errors="0">
  <testcase name="ForgotPassword" time="36.015" classname="scripts.ForgotPasswordTest"/>
</testsuite> <!-- scripts.ForgotPasswordTest -->
