<?xml version="1.0" encoding="UTF-8"?>
<!-- Generated by org.testng.reporters.JUnitReportReporter -->
<testsuite skipped="0" hostname="DESKTOP-L3RI81U" name="scripts.ForgotPasswordTest" tests="1" failures="0" timestamp="10 Feb 2018 16:41:13 GMT" time="60.819" errors="0">
  <testcase name="ForgotPassword" time="60.819" classname="scripts.ForgotPasswordTest"/>
</testsuite> <!-- scripts.ForgotPasswordTest -->
