<?xml version="1.0" encoding="UTF-8"?>
<!-- Generated by org.testng.reporters.JUnitReportReporter -->
<testsuite skipped="0" hostname="DESKTOP-L3RI81U" name="scripts.ValidLoginLogout" tests="1" failures="0" timestamp="10 Feb 2018 15:13:38 GMT" time="31.159" errors="0">
  <testcase name="LoginTest" time="31.159" classname="scripts.ValidLoginLogout"/>
</testsuite> <!-- scripts.ValidLoginLogout -->
