<?xml version="1.0" encoding="UTF-8"?>
<!-- Generated by org.testng.reporters.JUnitReportReporter -->
<testsuite skipped="0" hostname="DESKTOP-L3RI81U" name="scripts.FistTimeRegistrationHomePage" tests="1" failures="0" timestamp="16 Mar 2018 08:28:53 GMT" time="24.122" errors="0">
  <testcase name="fisrtlogin" time="24.122" classname="scripts.FistTimeRegistrationHomePage"/>
</testsuite> <!-- scripts.FistTimeRegistrationHomePage -->
