<?xml version="1.0" encoding="UTF-8"?>
<!-- Generated by org.testng.reporters.JUnitReportReporter -->
<testsuite skipped="0" hostname="DESKTOP-L3RI81U" name="scripts.ValidLoginLogout" tests="1" failures="0" timestamp="15 Mar 2018 16:01:22 GMT" time="12.542" errors="0">
  <testcase name="LoginTest" time="12.542" classname="scripts.ValidLoginLogout"/>
</testsuite> <!-- scripts.ValidLoginLogout -->
