<?xml version="1.0" encoding="UTF-8"?>
<!-- Generated by org.testng.reporters.JUnitReportReporter -->
<testsuite skipped="0" hostname="DESKTOP-L3RI81U" name="scripts.InvalidEmailPopUpmessage" tests="1" failures="0" timestamp="16 Mar 2018 13:36:41 GMT" time="17.187" errors="0">
  <testcase name="InvalidEmailPopUptest" time="17.187" classname="scripts.InvalidEmailPopUpmessage"/>
</testsuite> <!-- scripts.InvalidEmailPopUpmessage -->
