<?xml version="1.0" encoding="UTF-8"?>
<!-- Generated by org.testng.reporters.JUnitReportReporter -->
<testsuite skipped="0" hostname="DESKTOP-L3RI81U" name="scripts.ValidLogin" tests="1" failures="0" timestamp="10 Feb 2018 12:57:50 GMT" time="29.397" errors="0">
  <testcase name="LoginTest" time="29.397" classname="scripts.ValidLogin"/>
</testsuite> <!-- scripts.ValidLogin -->
