<?xml version="1.0" encoding="UTF-8"?>
<!-- Generated by org.testng.reporters.JUnitReportReporter -->
<testsuite skipped="0" hostname="DESKTOP-L3RI81U" name="scripts.AlreadyRegisteredUserPop" tests="1" failures="0" timestamp="10 Feb 2018 16:41:13 GMT" time="28.633" errors="0">
  <testcase name="SignUp" time="28.633" classname="scripts.AlreadyRegisteredUserPop"/>
</testsuite> <!-- scripts.AlreadyRegisteredUserPop -->
