<?xml version="1.0" encoding="UTF-8"?>
<!-- Generated by org.testng.reporters.JUnitReportReporter -->
<testsuite skipped="0" hostname="DESKTOP-L3RI81U" name="scripts.InvalidEmailPopUpmessage" tests="1" failures="0" timestamp="10 Feb 2018 15:13:38 GMT" time="71.887" errors="0">
  <testcase name="InvalidEmailPopUptest" time="71.887" classname="scripts.InvalidEmailPopUpmessage"/>
</testsuite> <!-- scripts.InvalidEmailPopUpmessage -->
