<?xml version="1.0" encoding="UTF-8"?>
<!-- Generated by org.testng.reporters.JUnitReportReporter -->
<testsuite skipped="0" hostname="DESKTOP-L3RI81U" name="scripts.AlreadyRegisteredUserPop" tests="1" failures="0" timestamp="16 Mar 2018 06:35:14 GMT" time="19.954" errors="0">
  <testcase name="SignUp" time="19.954" classname="scripts.AlreadyRegisteredUserPop"/>
</testsuite> <!-- scripts.AlreadyRegisteredUserPop -->
